<?xml version="1.0" encoding="UTF-8"?>
<testsuite name="com.chichito.demoreactive.DemoReactiveApplicationTests" tests="1" skipped="0" failures="0" errors="0" timestamp="2024-02-03T16:00:43" hostname="MacBook-Pro.local" time="0.458">
  <properties/>
  <testcase name="contextLoads()" classname="com.chichito.demoreactive.DemoReactiveApplicationTests" time="0.458"/>
  <system-out><![CDATA[13:00:42.665 [Test worker] INFO org.springframework.test.context.support.AnnotationConfigContextLoaderUtils -- Could not detect default configuration classes for test class [com.chichito.demoreactive.DemoReactiveApplicationTests]: DemoReactiveApplicationTests does not declare any static, non-private, non-final, nested classes annotated with @Configuration.
13:00:42.721 [Test worker] INFO org.springframework.boot.test.context.SpringBootTestContextBootstrapper -- Found @SpringBootConfiguration com.chichito.demoreactive.DemoReactiveApplication for test class com.chichito.demoreactive.DemoReactiveApplicationTests

  .   ____          _            __ _ _
 /\\ / ___'_ __ _ _(_)_ __  __ _ \ \ \ \
( ( )\___ | '_ | '_| | '_ \/ _` | \ \ \ \
 \\/  ___)| |_)| | | | | || (_| |  ) ) ) )
  '  |____| .__|_| |_|_| |_\__, | / / / /
 =========|_|==============|___/=/_/_/_/
 :: Spring Boot ::                (v3.2.2)

2024-02-03T13:00:42.941-03:00  INFO 54976 --- [    Test worker] c.c.d.DemoReactiveApplicationTests       : Starting DemoReactiveApplicationTests using Java 21.0.1 with PID 54976 (started by Ezequiel in /Users/Ezequiel/Documents/GitHub/bench/demo-reactive)
2024-02-03T13:00:42.942-03:00  INFO 54976 --- [    Test worker] c.c.d.DemoReactiveApplicationTests       : No active profile set, falling back to 1 default profile: "default"
2024-02-03T13:00:43.266-03:00  INFO 54976 --- [    Test worker] .s.d.r.c.RepositoryConfigurationDelegate : Multiple Spring Data modules found, entering strict repository configuration mode
2024-02-03T13:00:43.267-03:00  INFO 54976 --- [    Test worker] .s.d.r.c.RepositoryConfigurationDelegate : Bootstrapping Spring Data R2DBC repositories in DEFAULT mode.
2024-02-03T13:00:43.293-03:00  INFO 54976 --- [    Test worker] .RepositoryConfigurationExtensionSupport : Spring Data R2DBC - Could not safely identify store assignment for repository candidate interface com.chichito.demoreactive.services.PepeRepository; If you want this repository to be a R2DBC repository, consider annotating your entities with one of these annotations: org.springframework.data.relational.core.mapping.Table (preferred), or consider extending one of the following types with your repository: org.springframework.data.r2dbc.repository.R2dbcRepository
2024-02-03T13:00:43.293-03:00  INFO 54976 --- [    Test worker] .s.d.r.c.RepositoryConfigurationDelegate : Finished Spring Data repository scanning in 23 ms. Found 0 R2DBC repository interfaces.
2024-02-03T13:00:43.841-03:00  INFO 54976 --- [    Test worker] c.c.d.DemoReactiveApplicationTests       : Started DemoReactiveApplicationTests in 1.032 seconds (process running for 1.711)
]]></system-out>
  <system-err><![CDATA[WARNING: A Java agent has been loaded dynamically (/Users/Ezequiel/.gradle/caches/modules-2/files-2.1/net.bytebuddy/byte-buddy-agent/1.14.11/f9cb566608fbac6bc7bf54901a7aa11543a989ee/byte-buddy-agent-1.14.11.jar)
WARNING: If a serviceability tool is in use, please run with -XX:+EnableDynamicAgentLoading to hide this warning
WARNING: If a serviceability tool is not in use, please run with -Djdk.instrument.traceUsage for more information
WARNING: Dynamic loading of agents will be disallowed by default in a future release
]]></system-err>
</testsuite>
